#! /c/Source/iverilog-install/bin/vvp
:ivl_version "12.0 (devel)" "(s20150603-1539-g2693dd32b)";
:ivl_delay_selection "TYPICAL";
:vpi_time_precision - 12;
:vpi_module "C:\iverilog\lib\ivl\system.vpi";
:vpi_module "C:\iverilog\lib\ivl\vhdl_sys.vpi";
:vpi_module "C:\iverilog\lib\ivl\vhdl_textio.vpi";
:vpi_module "C:\iverilog\lib\ivl\v2005_math.vpi";
:vpi_module "C:\iverilog\lib\ivl\va_math.vpi";
S_00000172bb648140 .scope module, "and_gate_tb" "and_gate_tb" 2 2;
 .timescale -9 -12;
v00000172bb6482d0_0 .var "a", 0 0;
v00000172bb648370_0 .var "b", 0 0;
v00000172bb64bc00_0 .net "y", 0 0, L_00000172bb4f3340;  1 drivers
S_00000172bb525c50 .scope module, "uut" "and_gate" 2 8, 3 2 0, S_00000172bb648140;
 .timescale 0 0;
    .port_info 0 /INPUT 1 "a";
    .port_info 1 /INPUT 1 "b";
    .port_info 2 /OUTPUT 1 "y";
L_00000172bb4f3340 .functor AND 1, v00000172bb6482d0_0, v00000172bb648370_0, C4<1>, C4<1>;
v00000172bb4f3560_0 .net "a", 0 0, v00000172bb6482d0_0;  1 drivers
v00000172bb4f30e0_0 .net "b", 0 0, v00000172bb648370_0;  1 drivers
v00000172bb4f3780_0 .net "y", 0 0, L_00000172bb4f3340;  alias, 1 drivers
    .scope S_00000172bb648140;
T_0 ;
    %vpi_call 2 16 "$monitor", "Time=%0t | a=%b b=%b -> y=%b", $time, v00000172bb6482d0_0, v00000172bb648370_0, v00000172bb64bc00_0 {0 0 0};
    %pushi/vec4 0, 0, 1;
    %store/vec4 v00000172bb6482d0_0, 0, 1;
    %pushi/vec4 0, 0, 1;
    %store/vec4 v00000172bb648370_0, 0, 1;
    %delay 10000, 0;
    %pushi/vec4 0, 0, 1;
    %store/vec4 v00000172bb6482d0_0, 0, 1;
    %pushi/vec4 1, 0, 1;
    %store/vec4 v00000172bb648370_0, 0, 1;
    %delay 10000, 0;
    %pushi/vec4 1, 0, 1;
    %store/vec4 v00000172bb6482d0_0, 0, 1;
    %pushi/vec4 0, 0, 1;
    %store/vec4 v00000172bb648370_0, 0, 1;
    %delay 10000, 0;
    %pushi/vec4 1, 0, 1;
    %store/vec4 v00000172bb6482d0_0, 0, 1;
    %pushi/vec4 1, 0, 1;
    %store/vec4 v00000172bb648370_0, 0, 1;
    %delay 10000, 0;
    %vpi_call 2 24 "$finish" {0 0 0};
    %end;
    .thread T_0;
# The file index is used to find the file name in the following table.
:file_names 4;
    "N/A";
    "<interactive>";
    "and_gate_tb.v";
    "and_gate.v";
